d:\derek\software\temp\winformnntrainer\onlineneuralnetworktrainer\applykerasmodule\x64\release\applykerasmodule.pch
d:\derek\software\temp\winformnntrainer\onlineneuralnetworktrainer\applykerasmodule\x64\release\vc140.pdb
d:\derek\software\temp\winformnntrainer\onlineneuralnetworktrainer\applykerasmodule\x64\release\stdafx.obj
d:\derek\software\temp\winformnntrainer\onlineneuralnetworktrainer\applykerasmodule\x64\release\assemblyinfo.obj
d:\derek\software\temp\winformnntrainer\onlineneuralnetworktrainer\applykerasmodule\x64\release\applykerasmodule.obj
d:\derek\software\temp\winformnntrainer\onlineneuralnetworktrainer\applykerasmodule\x64\release\.netframework,version=v4.5.2.assemblyattributes.obj
d:\derek\software\temp\winformnntrainer\onlineneuralnetworktrainer\applykerasmodule\x64\release\.netframework,version=v4.5.2.assemblyattributes.asm
d:\derek\software\temp\winformnntrainer\onlineneuralnetworktrainer\x64\release\applykerasmodule.dll
d:\derek\software\temp\winformnntrainer\onlineneuralnetworktrainer\x64\release\applykerasmodule.pdb
d:\derek\software\temp\winformnntrainer\onlineneuralnetworktrainer\applykerasmodule\x64\release\app.res
d:\derek\software\temp\winformnntrainer\onlineneuralnetworktrainer\applykerasmodule\x64\release\applykerasmodule.vcxprojresolveassemblyreference.cache
d:\derek\software\temp\winformnntrainer\onlineneuralnetworktrainer\applykerasmodule\x64\release\applykerasmodule.tlog\cl.command.1.tlog
d:\derek\software\temp\winformnntrainer\onlineneuralnetworktrainer\applykerasmodule\x64\release\applykerasmodule.tlog\cl.read.1.tlog
d:\derek\software\temp\winformnntrainer\onlineneuralnetworktrainer\applykerasmodule\x64\release\applykerasmodule.tlog\cl.write.1.tlog
d:\derek\software\temp\winformnntrainer\onlineneuralnetworktrainer\applykerasmodule\x64\release\applykerasmodule.tlog\link.command.1.tlog
d:\derek\software\temp\winformnntrainer\onlineneuralnetworktrainer\applykerasmodule\x64\release\applykerasmodule.tlog\link.read.1.tlog
d:\derek\software\temp\winformnntrainer\onlineneuralnetworktrainer\applykerasmodule\x64\release\applykerasmodule.tlog\link.write.1.tlog
d:\derek\software\temp\winformnntrainer\onlineneuralnetworktrainer\applykerasmodule\x64\release\applykerasmodule.tlog\metagen.read.1.tlog
d:\derek\software\temp\winformnntrainer\onlineneuralnetworktrainer\applykerasmodule\x64\release\applykerasmodule.tlog\metagen.write.1.tlog
d:\derek\software\temp\winformnntrainer\onlineneuralnetworktrainer\applykerasmodule\x64\release\applykerasmodule.tlog\rc.command.1.tlog
d:\derek\software\temp\winformnntrainer\onlineneuralnetworktrainer\applykerasmodule\x64\release\applykerasmodule.tlog\rc.read.1.tlog
d:\derek\software\temp\winformnntrainer\onlineneuralnetworktrainer\applykerasmodule\x64\release\applykerasmodule.tlog\rc.write.1.tlog
d:\derek\software\temp\winformnntrainer\onlineneuralnetworktrainer\applykerasmodule\x64\release\applykerasmodule.tlog\rsaenh.dll.bi
d:\derek\software\temp\winformnntrainer\onlineneuralnetworktrainer\applykerasmodule\x64\release\applykerasmodule.tlog\tzres.dll.bi
